INFO:__main__:Running _get_team_data
INFO:root:Team data saved
INFO:__main__:Running _get_team_data
INFO:root:Team data saved
INFO:__main__:Running _get_team_data
INFO:root:Team data saved
INFO:__main__:Running _get_team_data
INFO:root:Team data saved
INFO:__main__:Running _get_team_data
INFO:root:Team data saved
INFO:__main__:Running _get_team_data
INFO:root:Team data saved
INFO:__main__:Running _get_team_data
INFO:root:Team data saved
INFO:__main__:Running _get_team_data
INFO:root:Team data saved
INFO:__main__:Running _get_team_data
INFO:root:Team data saved
INFO:__main__:Running _get_team_data
INFO:root:Team data saved
INFO:__main__:Running _get_team_data
INFO:root:Team data saved
INFO:__main__:Running _get_team_data
INFO:root:Team data saved
INFO:__main__:Running _get_team_data
INFO:root:Team data saved
INFO:__main__:Running _get_team_data
INFO:root:Team data saved
INFO:__main__:Running _get_team_data
INFO:root:Team data saved
INFO:__main__:Running _get_team_data
INFO:root:Team data saved
INFO:__main__:Running _get_team_data
INFO:root:Team data saved
INFO:__main__:Running _get_team_data
INFO:root:Team data saved
INFO:__main__:Running _get_team_data
INFO:root:Team data saved
INFO:__main__:Running _get_team_data
INFO:__main__:Running _get_team_data
INFO:root:Team data saved
INFO:__main__:Running _get_team_data
DEBUG:urllib3.connectionpool:Starting new HTTPS connection (1): api.nhle.com:443
DEBUG:urllib3.connectionpool:https://api.nhle.com:443 "GET /stats/rest/en/team HTTP/1.1" 200 1519
DEBUG:__main__:_get_team_data request response status code: 200
INFO:root:Team data saved
DEBUG:asyncio:Using selector: KqueueSelector
DEBUG:asyncio:Using selector: KqueueSelector
INFO:__main__:Running _get_team_data
DEBUG:urllib3.connectionpool:Starting new HTTPS connection (1): api.nhle.com:443
DEBUG:urllib3.connectionpool:https://api.nhle.com:443 "GET /stats/rest/en/teama HTTP/1.1" 404 None
ERROR:root:Check NHL API endpoint
INFO:__main__:Running _get_team_data
DEBUG:urllib3.connectionpool:Starting new HTTPS connection (1): api.nhle.com:443
DEBUG:urllib3.connectionpool:https://api.nhle.com:443 "GET /stats/rest/en/teama HTTP/1.1" 404 None
ERROR:root:Check NHL API team endpoint https://api.nhle.com/stats/rest/en/teama
INFO:__main__:Running _get_team_data
DEBUG:urllib3.connectionpool:Starting new HTTPS connection (1): api.nhle.com:443
DEBUG:urllib3.connectionpool:https://api.nhle.com:443 "GET /stats/rest/en/team HTTP/1.1" 200 1519
DEBUG:__main__:_get_team_data request response status code: 200
INFO:root:Team data saved
DEBUG:asyncio:Using selector: KqueueSelector
DEBUG:asyncio:Using selector: KqueueSelector
